Using pre-set license
Built from '2020.3/release' branch; Version is '2020.3.12f1 (b3b2c6512326) revision 11776710'; Using compiler version '192528614'; Build Type 'Release'
OS: 'Windows 10 Pro; OS build 19042.1348; Version 2009; 64bit' Language: 'ko' Physical Memory: 16265 MB
BatchMode: 1, IsHumanControllingUs: 0, StartBugReporterOnCrash: 0, Is64bit: 1, IsPro: 0

 COMMAND LINE ARGUMENTS:
C:\Program Files\Unity\Hub\Editor\2020.3.12f1\Editor\Unity.exe
-adb2
-batchMode
-noUpm
-name
AssetImportWorker0
-projectPath
C:/Users/BBORIS/Desktop/유니티 정복/CutScene/Timeline_Practice
-logFile
Logs/AssetImportWorker0.log
-srvPort
58578
Successfully changed project path to: C:/Users/BBORIS/Desktop/유니티 정복/CutScene/Timeline_Practice
C:/Users/BBORIS/Desktop/유니티 정복/CutScene/Timeline_Practice
Using Asset Import Pipeline V2.
Refreshing native plugins compatible for Editor in 40.43 ms, found 2 plugins.
Preloading 0 native plugins for Editor in 0.00 ms.
Initialize engine version: 2020.3.12f1 (b3b2c6512326)
[Subsystems] Discovering subsystems at path C:/Program Files/Unity/Hub/Editor/2020.3.12f1/Editor/Data/Resources/UnitySubsystems
[Subsystems] Discovering subsystems at path C:/Users/BBORIS/Desktop/유니티 정복/CutScene/Timeline_Practice/Assets
GfxDevice: creating device client; threaded=0
Direct3D:
    Version:  Direct3D 11.0 [level 11.1]
    Renderer: NVIDIA GeForce GTX 1050 (ID=0x1c8d)
    Vendor:   
    VRAM:     4021 MB
    Driver:   27.21.14.5709
Initialize mono
Mono path[0] = 'C:/Program Files/Unity/Hub/Editor/2020.3.12f1/Editor/Data/Managed'
Mono path[1] = 'C:/Program Files/Unity/Hub/Editor/2020.3.12f1/Editor/Data/MonoBleedingEdge/lib/mono/unityjit'
Mono config path = 'C:/Program Files/Unity/Hub/Editor/2020.3.12f1/Editor/Data/MonoBleedingEdge/etc'
Using monoOptions --debugger-agent=transport=dt_socket,embedding=1,server=y,suspend=n,address=127.0.0.1:56492
Begin MonoManager ReloadAssembly
Registering precompiled unity dll's ...
Register platform support module: C:/Program Files/Unity/Hub/Editor/2020.3.12f1/Editor/Data/PlaybackEngines/WindowsStandaloneSupport/UnityEditor.WindowsStandalone.Extensions.dll
Registered in 0.002787 seconds.
Native extension for WindowsStandalone target not found
Refreshing native plugins compatible for Editor in 34.21 ms, found 2 plugins.
Preloading 0 native plugins for Editor in 0.00 ms.
Mono: successfully reloaded assembly
- Completed reload, in  2.891 seconds
Platform modules already initialized, skipping
Registering precompiled user dll's ...
Registered in 0.005985 seconds.
Begin MonoManager ReloadAssembly
Native extension for WindowsStandalone target not found
Refreshing native plugins compatible for Editor in 0.32 ms, found 2 plugins.
Preloading 0 native plugins for Editor in 0.00 ms.
Mono: successfully reloaded assembly
- Completed reload, in  1.381 seconds
Platform modules already initialized, skipping
========================================================================
Worker process is ready to serve import requests
Launched and connected shader compiler UnityShaderCompiler.exe after 0.06 seconds
Refreshing native plugins compatible for Editor in 0.29 ms, found 2 plugins.
Preloading 0 native plugins for Editor in 0.00 ms.
Unloading 1386 Unused Serialized files (Serialized files now loaded: 0)
System memory in use before: 67.3 MB.
System memory in use after: 67.4 MB.

Unloading 19 unused Assets to reduce memory usage. Loaded Objects now: 1819.
Total: 2.480100 ms (FindLiveObjects: 0.188900 ms CreateObjectMapping: 0.043700 ms MarkObjects: 2.121800 ms  DeleteObjects: 0.124600 ms)

AssetImportParameters requested are different than current active one (requested -> active):
  custom:framework-win-MediaFoundation: 216162199b28c13a410421893ffa2e32 -> 
  custom:video-decoder-ogg-theora: a1e56fd34408186e4bbccfd4996cb3dc -> 
  custom:container-muxer-webm: aa71ff27fc2769a1b78a27578f13a17b -> 
  custom:container-demuxer-webm: 4f35f7cbe854078d1ac9338744f61a02 -> 
  custom:container-demuxer-ogg: 62fdf1f143b41e24485cea50d1cbac27 -> 
  custom:video-encoder-webm-vp8: eb34c28f22e8b96e1ab97ce403110664 -> 
  custom:video-decoder-webm-vp8: 9c59270c3fd7afecdb556c50c9e8de78 -> 
  custom:audio-decoder-ogg-vorbis: bf7c407c2cedff20999df2af8eb42d56 -> 
  custom:audio-encoder-webm-vorbis: bf7c407c2cedff20999df2af8eb42d56 -> 
========================================================================
Received Import Request.
  path: Assets/military-vehicles
  artifactKey: Guid(5f035e5743d92a04ba93585844220dcd) Importer(815301076,1909f56bfc062723c751e8b465ee728b)
Start importing Assets/military-vehicles using Guid(5f035e5743d92a04ba93585844220dcd) Importer(815301076,1909f56bfc062723c751e8b465ee728b)  -> (artifact id: '808c105ed80828e8a5673053ba5da66f') in 0.012754 seconds 
  Import took 0.015963 seconds .

========================================================================
Received Import Request.
  Time since last request: 0.235514 seconds.
  path: Assets/military-vehicles/military-vehicles
  artifactKey: Guid(700ac06ed76752744938006b43d3e6c0) Importer(815301076,1909f56bfc062723c751e8b465ee728b)
Start importing Assets/military-vehicles/military-vehicles using Guid(700ac06ed76752744938006b43d3e6c0) Importer(815301076,1909f56bfc062723c751e8b465ee728b)  -> (artifact id: '8f599c79755d60bf771c0b8f230994c0') in 0.005243 seconds 
  Import took 0.009211 seconds .

========================================================================
Received Import Request.
  Time since last request: 1.260645 seconds.
  path: Assets/military-vehicles/military-vehicles/Military Vehicles (Base Pack).unitypackage
  artifactKey: Guid(92a9be9c6947ce64db72ebc6e4d95b82) Importer(815301076,1909f56bfc062723c751e8b465ee728b)
Start importing Assets/military-vehicles/military-vehicles/Military Vehicles (Base Pack).unitypackage using Guid(92a9be9c6947ce64db72ebc6e4d95b82) Importer(815301076,1909f56bfc062723c751e8b465ee728b)  -> (artifact id: '4f1d192c65b7d073123d276772c1db20') in 0.053954 seconds 
  Import took 0.057552 seconds .

========================================================================
Received Import Request.
  Time since last request: 17.199739 seconds.
  path: Assets/military-vehicles/military-vehicles/Humvee
  artifactKey: Guid(022ef501b8777694ea9710a4b2297693) Importer(815301076,1909f56bfc062723c751e8b465ee728b)
Start importing Assets/military-vehicles/military-vehicles/Humvee using Guid(022ef501b8777694ea9710a4b2297693) Importer(815301076,1909f56bfc062723c751e8b465ee728b)  -> (artifact id: '5f62cf30702ba66208d40caed5a2f43c') in 0.012618 seconds 
  Import took 0.015914 seconds .

========================================================================
Received Import Request.
  Time since last request: 0.119766 seconds.
  path: Assets/military-vehicles/military-vehicles/Humvee/Humvee.FBX
  artifactKey: Guid(96ccecc3bdf8b4c4db71ebb9e0f3e01f) Importer(815301076,1909f56bfc062723c751e8b465ee728b)
Start importing Assets/military-vehicles/military-vehicles/Humvee/Humvee.FBX using Guid(96ccecc3bdf8b4c4db71ebb9e0f3e01f) Importer(815301076,1909f56bfc062723c751e8b465ee728b)  -> (artifact id: '0a354d65218ac434dc051079e26fa0d6') in 0.555669 seconds 
  Import took 0.559175 seconds .

========================================================================
Received Import Request.
  Time since last request: 1.384012 seconds.
  path: Assets/military-vehicles/military-vehicles/Humvee/Textures
  artifactKey: Guid(a21c1bcbdf26b5243a5d15f28ee14034) Importer(815301076,1909f56bfc062723c751e8b465ee728b)
Start importing Assets/military-vehicles/military-vehicles/Humvee/Textures using Guid(a21c1bcbdf26b5243a5d15f28ee14034) Importer(815301076,1909f56bfc062723c751e8b465ee728b)  -> (artifact id: '239e274e8f620f8c6dca2b1d3e306ffe') in 0.009541 seconds 
  Import took 0.013380 seconds .

========================================================================
Received Import Request.
  Time since last request: 0.001194 seconds.
  path: Assets/military-vehicles/military-vehicles/Humvee/Textures
  artifactKey: Guid(a21c1bcbdf26b5243a5d15f28ee14034) Importer(815301076,1909f56bfc062723c751e8b465ee728b)
Start importing Assets/military-vehicles/military-vehicles/Humvee/Textures using Guid(a21c1bcbdf26b5243a5d15f28ee14034) Importer(815301076,1909f56bfc062723c751e8b465ee728b)  -> (artifact id: '239e274e8f620f8c6dca2b1d3e306ffe') in 0.004235 seconds 
  Import took 0.008420 seconds .

========================================================================
Received Import Request.
  Time since last request: 0.209418 seconds.
  path: Assets/military-vehicles/military-vehicles/Humvee/Textures/Humvee_Albedo.png
  artifactKey: Guid(fff7254ef635a7444900f24cfeae8710) Importer(815301076,1909f56bfc062723c751e8b465ee728b)
Start importing Assets/military-vehicles/military-vehicles/Humvee/Textures/Humvee_Albedo.png using Guid(fff7254ef635a7444900f24cfeae8710) Importer(815301076,1909f56bfc062723c751e8b465ee728b)  -> (artifact id: 'fc8cd92401d0230ecc5eedeb8fe69d38') in 0.065205 seconds 
  Import took 0.068348 seconds .

========================================================================
Received Import Request.
  Time since last request: 0.000355 seconds.
  path: Assets/military-vehicles/military-vehicles/Humvee/Textures/Humvee_Normal.png
  artifactKey: Guid(818e73dc90cd9f34e9f1d6ebcd1d10db) Importer(815301076,1909f56bfc062723c751e8b465ee728b)
Start importing Assets/military-vehicles/military-vehicles/Humvee/Textures/Humvee_Normal.png using Guid(818e73dc90cd9f34e9f1d6ebcd1d10db) Importer(815301076,1909f56bfc062723c751e8b465ee728b)  -> (artifact id: '85001679c7b4d2d5d04683b7a47349b0') in 0.022132 seconds 
  Import took 0.025198 seconds .

========================================================================
Received Import Request.
  Time since last request: 0.000341 seconds.
  path: Assets/military-vehicles/military-vehicles/Humvee/Textures/Humvee_Emission.png
  artifactKey: Guid(9a1ef58d0f8dc8b4a87abc4f5644b47c) Importer(815301076,1909f56bfc062723c751e8b465ee728b)
Start importing Assets/military-vehicles/military-vehicles/Humvee/Textures/Humvee_Emission.png using Guid(9a1ef58d0f8dc8b4a87abc4f5644b47c) Importer(815301076,1909f56bfc062723c751e8b465ee728b)  -> (artifact id: '6ea4b71d7becb86346f44d430b49e712') in 0.020283 seconds 
  Import took 0.023878 seconds .

========================================================================
Received Import Request.
  Time since last request: 0.000372 seconds.
  path: Assets/military-vehicles/military-vehicles/Humvee/Textures/Humvee_Metallic.png
  artifactKey: Guid(9076cbf55ede0cf43a120bd63d2f1c74) Importer(815301076,1909f56bfc062723c751e8b465ee728b)
Start importing Assets/military-vehicles/military-vehicles/Humvee/Textures/Humvee_Metallic.png using Guid(9076cbf55ede0cf43a120bd63d2f1c74) Importer(815301076,1909f56bfc062723c751e8b465ee728b)  -> (artifact id: '353baf4c6d9d41f52f928db9e262d9a2') in 0.035113 seconds 
  Import took 0.039137 seconds .

========================================================================
Received Import Request.
  Time since last request: 0.000398 seconds.
  path: Assets/military-vehicles/military-vehicles/Humvee/Textures/Humvee_Occlusion.png
  artifactKey: Guid(2eaccb9b83b8c23489cb52ecbeaf7169) Importer(815301076,1909f56bfc062723c751e8b465ee728b)
Start importing Assets/military-vehicles/military-vehicles/Humvee/Textures/Humvee_Occlusion.png using Guid(2eaccb9b83b8c23489cb52ecbeaf7169) Importer(815301076,1909f56bfc062723c751e8b465ee728b)  -> (artifact id: 'c0a1583422dae21c1ad0f3d24638d6e8') in 0.024264 seconds 
  Import took 0.026845 seconds .

========================================================================
Received Import Request.
  Time since last request: 0.003111 seconds.
  path: Assets/military-vehicles/military-vehicles/Humvee/Textures/Humvee_Occlusion.png
  artifactKey: Guid(2eaccb9b83b8c23489cb52ecbeaf7169) Importer(815301076,1909f56bfc062723c751e8b465ee728b)
Start importing Assets/military-vehicles/military-vehicles/Humvee/Textures/Humvee_Occlusion.png using Guid(2eaccb9b83b8c23489cb52ecbeaf7169) Importer(815301076,1909f56bfc062723c751e8b465ee728b)  -> (artifact id: 'c0a1583422dae21c1ad0f3d24638d6e8') in 0.018720 seconds 
  Import took 0.021652 seconds .

========================================================================
Received Import Request.
  Time since last request: 5.796543 seconds.
  path: Assets/military-vehicles/military-vehicles/Stryker
  artifactKey: Guid(5056a8e140b67954f9f84f4c17cd01a9) Importer(815301076,1909f56bfc062723c751e8b465ee728b)
Start importing Assets/military-vehicles/military-vehicles/Stryker using Guid(5056a8e140b67954f9f84f4c17cd01a9) Importer(815301076,1909f56bfc062723c751e8b465ee728b)  -> (artifact id: '4893eabb6953e1bee858ded9c94c370d') in 0.009081 seconds 
  Import took 0.012566 seconds .

========================================================================
Received Import Request.
  Time since last request: 0.056012 seconds.
  path: Assets/military-vehicles/military-vehicles/Stryker/Stryker.fbx
  artifactKey: Guid(1c8e3309913c729439a2a059a79fa977) Importer(815301076,1909f56bfc062723c751e8b465ee728b)
Start importing Assets/military-vehicles/military-vehicles/Stryker/Stryker.fbx using Guid(1c8e3309913c729439a2a059a79fa977) Importer(815301076,1909f56bfc062723c751e8b465ee728b)  -> (artifact id: 'b42f182c13bb56b61b01c3eb5fd510ca') in 0.166196 seconds 
  Import took 0.169774 seconds .

========================================================================
Received Import Request.
  Time since last request: 1.086354 seconds.
  path: Assets/military-vehicles/military-vehicles/Stryker/Textures
  artifactKey: Guid(fe747aaef7f19a74b938f85cffbc233b) Importer(815301076,1909f56bfc062723c751e8b465ee728b)
Start importing Assets/military-vehicles/military-vehicles/Stryker/Textures using Guid(fe747aaef7f19a74b938f85cffbc233b) Importer(815301076,1909f56bfc062723c751e8b465ee728b)  -> (artifact id: '15eeaa9f5ba41e6ca918518dc8415d7b') in 0.013868 seconds 
  Import took 0.026021 seconds .

========================================================================
Received Import Request.
  Time since last request: 9.118803 seconds.
  path: Assets/Military Vehicles
  artifactKey: Guid(ea95fa08e994f3848a9a68af76834d58) Importer(815301076,1909f56bfc062723c751e8b465ee728b)
Start importing Assets/Military Vehicles using Guid(ea95fa08e994f3848a9a68af76834d58) Importer(815301076,1909f56bfc062723c751e8b465ee728b)  -> (artifact id: 'd171f6864d02b16d5d8c8ff14eb5ca79') in 0.010191 seconds 
  Import took 0.014309 seconds .

========================================================================
Received Import Request.
  Time since last request: 0.001582 seconds.
  path: Assets/Military Vehicles
  artifactKey: Guid(ea95fa08e994f3848a9a68af76834d58) Importer(815301076,1909f56bfc062723c751e8b465ee728b)
Start importing Assets/Military Vehicles using Guid(ea95fa08e994f3848a9a68af76834d58) Importer(815301076,1909f56bfc062723c751e8b465ee728b)  -> (artifact id: 'd171f6864d02b16d5d8c8ff14eb5ca79') in 0.008465 seconds 
  Import took 0.012634 seconds .

========================================================================
Received Import Request.
  Time since last request: 1.318681 seconds.
  path: Assets/Military Vehicles/CC.asset
  artifactKey: Guid(14f970c64382a7e4cb0c05ee36fad80b) Importer(815301076,1909f56bfc062723c751e8b465ee728b)
Start importing Assets/Military Vehicles/CC.asset using Guid(14f970c64382a7e4cb0c05ee36fad80b) Importer(815301076,1909f56bfc062723c751e8b465ee728b)  -> (artifact id: 'c493b257ff4ea925229a62df5fbdcbc7') in 0.015549 seconds 
  Import took 0.019765 seconds .

========================================================================
Received Import Request.
  Time since last request: 1.367852 seconds.
  path: Assets/Military Vehicles/Example.unity
  artifactKey: Guid(587f23c497b4ee34192fd7fc7a1e8386) Importer(815301076,1909f56bfc062723c751e8b465ee728b)
Start importing Assets/Military Vehicles/Example.unity using Guid(587f23c497b4ee34192fd7fc7a1e8386) Importer(815301076,1909f56bfc062723c751e8b465ee728b)  -> (artifact id: '325b88dfeb79a988f19061dacae13fad') in 0.014302 seconds 
  Import took 0.017963 seconds .

========================================================================
Received Import Request.
  Time since last request: 208.943138 seconds.
  path: Assets/CutScnen.playable
  artifactKey: Guid(a759a916a34b9494e89404f553214faf) Importer(815301076,1909f56bfc062723c751e8b465ee728b)
Start importing Assets/CutScnen.playable using Guid(a759a916a34b9494e89404f553214faf) Importer(815301076,1909f56bfc062723c751e8b465ee728b)  -> (artifact id: '0a8e7cae023335b954df24c6055e6c39') in 0.034496 seconds 
  Import took 0.043480 seconds .

========================================================================
Received Prepare
Registering precompiled user dll's ...
Registered in 0.012348 seconds.
Begin MonoManager ReloadAssembly
Native extension for WindowsStandalone target not found
Refreshing native plugins compatible for Editor in 0.33 ms, found 2 plugins.
Preloading 0 native plugins for Editor in 0.00 ms.
Mono: successfully reloaded assembly
- Completed reload, in  2.097 seconds
Platform modules already initialized, skipping
Refreshing native plugins compatible for Editor in 0.66 ms, found 2 plugins.
Preloading 0 native plugins for Editor in 0.00 ms.
Unloading 1381 Unused Serialized files (Serialized files now loaded: 0)
System memory in use before: 71.4 MB.
System memory in use after: 71.5 MB.

Unloading 14 unused Assets to reduce memory usage. Loaded Objects now: 1867.
Total: 2.670400 ms (FindLiveObjects: 0.174700 ms CreateObjectMapping: 0.055000 ms MarkObjects: 2.330200 ms  DeleteObjects: 0.109100 ms)

AssetImportParameters requested are different than current active one (requested -> active):
  custom:framework-win-MediaFoundation: 216162199b28c13a410421893ffa2e32 -> 
  custom:video-decoder-ogg-theora: a1e56fd34408186e4bbccfd4996cb3dc -> 
  custom:container-muxer-webm: aa71ff27fc2769a1b78a27578f13a17b -> 
  custom:container-demuxer-webm: 4f35f7cbe854078d1ac9338744f61a02 -> 
  custom:container-demuxer-ogg: 62fdf1f143b41e24485cea50d1cbac27 -> 
  custom:video-encoder-webm-vp8: eb34c28f22e8b96e1ab97ce403110664 -> 
  custom:video-decoder-webm-vp8: 9c59270c3fd7afecdb556c50c9e8de78 -> 
  custom:audio-decoder-ogg-vorbis: bf7c407c2cedff20999df2af8eb42d56 -> 
  custom:audio-encoder-webm-vorbis: bf7c407c2cedff20999df2af8eb42d56 -> 
========================================================================
Received Prepare
Registering precompiled user dll's ...
Registered in 0.013247 seconds.
Begin MonoManager ReloadAssembly
Native extension for WindowsStandalone target not found
Refreshing native plugins compatible for Editor in 0.32 ms, found 2 plugins.
Preloading 0 native plugins for Editor in 0.00 ms.
Mono: successfully reloaded assembly
- Completed reload, in  1.924 seconds
Platform modules already initialized, skipping
Refreshing native plugins compatible for Editor in 0.58 ms, found 2 plugins.
Preloading 0 native plugins for Editor in 0.00 ms.
Unloading 1381 Unused Serialized files (Serialized files now loaded: 0)
System memory in use before: 71.4 MB.
System memory in use after: 71.5 MB.

Unloading 14 unused Assets to reduce memory usage. Loaded Objects now: 1870.
Total: 5.564300 ms (FindLiveObjects: 0.167800 ms CreateObjectMapping: 0.048900 ms MarkObjects: 5.197600 ms  DeleteObjects: 0.148600 ms)

AssetImportParameters requested are different than current active one (requested -> active):
  custom:framework-win-MediaFoundation: 216162199b28c13a410421893ffa2e32 -> 
  custom:video-decoder-ogg-theora: a1e56fd34408186e4bbccfd4996cb3dc -> 
  custom:container-muxer-webm: aa71ff27fc2769a1b78a27578f13a17b -> 
  custom:container-demuxer-webm: 4f35f7cbe854078d1ac9338744f61a02 -> 
  custom:container-demuxer-ogg: 62fdf1f143b41e24485cea50d1cbac27 -> 
  custom:video-encoder-webm-vp8: eb34c28f22e8b96e1ab97ce403110664 -> 
  custom:video-decoder-webm-vp8: 9c59270c3fd7afecdb556c50c9e8de78 -> 
  custom:audio-decoder-ogg-vorbis: bf7c407c2cedff20999df2af8eb42d56 -> 
  custom:audio-encoder-webm-vorbis: bf7c407c2cedff20999df2af8eb42d56 -> 
========================================================================
Received Prepare
Registering precompiled user dll's ...
Registered in 0.006746 seconds.
Begin MonoManager ReloadAssembly
Native extension for WindowsStandalone target not found
Refreshing native plugins compatible for Editor in 0.33 ms, found 2 plugins.
Preloading 0 native plugins for Editor in 0.00 ms.
Mono: successfully reloaded assembly
- Completed reload, in  2.049 seconds
Platform modules already initialized, skipping
Refreshing native plugins compatible for Editor in 0.33 ms, found 2 plugins.
Preloading 0 native plugins for Editor in 0.00 ms.
Unloading 1381 Unused Serialized files (Serialized files now loaded: 0)
System memory in use before: 71.4 MB.
System memory in use after: 71.5 MB.

Unloading 14 unused Assets to reduce memory usage. Loaded Objects now: 1873.
Total: 1.905000 ms (FindLiveObjects: 0.149500 ms CreateObjectMapping: 0.054700 ms MarkObjects: 1.647400 ms  DeleteObjects: 0.052400 ms)

AssetImportParameters requested are different than current active one (requested -> active):
  custom:framework-win-MediaFoundation: 216162199b28c13a410421893ffa2e32 -> 
  custom:video-decoder-ogg-theora: a1e56fd34408186e4bbccfd4996cb3dc -> 
  custom:container-muxer-webm: aa71ff27fc2769a1b78a27578f13a17b -> 
  custom:container-demuxer-webm: 4f35f7cbe854078d1ac9338744f61a02 -> 
  custom:container-demuxer-ogg: 62fdf1f143b41e24485cea50d1cbac27 -> 
  custom:video-encoder-webm-vp8: eb34c28f22e8b96e1ab97ce403110664 -> 
  custom:video-decoder-webm-vp8: 9c59270c3fd7afecdb556c50c9e8de78 -> 
  custom:audio-decoder-ogg-vorbis: bf7c407c2cedff20999df2af8eb42d56 -> 
  custom:audio-encoder-webm-vorbis: bf7c407c2cedff20999df2af8eb42d56 -> 
========================================================================
Received Prepare
Registering precompiled user dll's ...
Registered in 0.006724 seconds.
Begin MonoManager ReloadAssembly
Native extension for WindowsStandalone target not found
Refreshing native plugins compatible for Editor in 0.61 ms, found 2 plugins.
Preloading 0 native plugins for Editor in 0.00 ms.
Invalid AssetDatabase path: /Editor/EditorResources/cm_logo_sm.png. Use path relative to the project folder.
UnityEngine.StackTraceUtility:ExtractStackTrace ()
UnityEditor.AssetDatabase:LoadAssetAtPath<UnityEngine.Texture2D> (string)
Cinemachine.Editor.CinemachineSettings:get_CinemachineLogoTexture () (at Library/PackageCache/com.unity.cinemachine@2.6.11/Editor/Windows/CinemachineSettings.cs:205)
Cinemachine.Editor.CinemachineSettings:.cctor () (at Library/PackageCache/com.unity.cinemachine@2.6.11/Editor/Windows/CinemachineSettings.cs:237)
Cinemachine.CinemachineColliderPrefs:.cctor () (at Library/PackageCache/com.unity.cinemachine@2.6.11/Editor/Windows/CinemachineColliderPrefs.cs:61)
System.Runtime.CompilerServices.RuntimeHelpers:RunClassConstructor (System.RuntimeTypeHandle)
UnityEditor.EditorAssemblies:ProcessInitializeOnLoadAttributes (System.Type[])

[Library/PackageCache/com.unity.cinemachine@2.6.11/Editor/Windows/CinemachineSettings.cs line 205]

Mono: successfully reloaded assembly
- Completed reload, in  1.253 seconds
Platform modules already initialized, skipping
Refreshing native plugins compatible for Editor in 0.34 ms, found 2 plugins.
Preloading 0 native plugins for Editor in 0.00 ms.
Unloading 1528 Unused Serialized files (Serialized files now loaded: 0)
System memory in use before: 76.3 MB.
System memory in use after: 76.4 MB.

Unloading 15 unused Assets to reduce memory usage. Loaded Objects now: 2022.
Total: 2.118200 ms (FindLiveObjects: 0.146700 ms CreateObjectMapping: 0.046300 ms MarkObjects: 1.794600 ms  DeleteObjects: 0.129600 ms)

AssetImportParameters requested are different than current active one (requested -> active):
  custom:framework-win-MediaFoundation: 216162199b28c13a410421893ffa2e32 -> 
  custom:video-decoder-ogg-theora: a1e56fd34408186e4bbccfd4996cb3dc -> 
  custom:container-muxer-webm: aa71ff27fc2769a1b78a27578f13a17b -> 
  custom:container-demuxer-webm: 4f35f7cbe854078d1ac9338744f61a02 -> 
  custom:container-demuxer-ogg: 62fdf1f143b41e24485cea50d1cbac27 -> 
  custom:video-encoder-webm-vp8: eb34c28f22e8b96e1ab97ce403110664 -> 
  custom:video-decoder-webm-vp8: 9c59270c3fd7afecdb556c50c9e8de78 -> 
  custom:audio-decoder-ogg-vorbis: bf7c407c2cedff20999df2af8eb42d56 -> 
  custom:audio-encoder-webm-vorbis: bf7c407c2cedff20999df2af8eb42d56 -> 
========================================================================
Received Prepare
Registering precompiled user dll's ...
Registered in 0.007964 seconds.
Begin MonoManager ReloadAssembly
Native extension for WindowsStandalone target not found
Refreshing native plugins compatible for Editor in 0.34 ms, found 2 plugins.
Preloading 0 native plugins for Editor in 0.00 ms.
Mono: successfully reloaded assembly
- Completed reload, in  1.360 seconds
Platform modules already initialized, skipping
Refreshing native plugins compatible for Editor in 0.35 ms, found 2 plugins.
Preloading 0 native plugins for Editor in 0.00 ms.
Unloading 1529 Unused Serialized files (Serialized files now loaded: 0)
System memory in use before: 76.5 MB.
System memory in use after: 76.5 MB.

Unloading 16 unused Assets to reduce memory usage. Loaded Objects now: 2026.
Total: 2.661200 ms (FindLiveObjects: 0.153800 ms CreateObjectMapping: 0.052200 ms MarkObjects: 2.275700 ms  DeleteObjects: 0.178300 ms)

AssetImportParameters requested are different than current active one (requested -> active):
  custom:framework-win-MediaFoundation: 216162199b28c13a410421893ffa2e32 -> 
  custom:video-decoder-ogg-theora: a1e56fd34408186e4bbccfd4996cb3dc -> 
  custom:container-muxer-webm: aa71ff27fc2769a1b78a27578f13a17b -> 
  custom:container-demuxer-webm: 4f35f7cbe854078d1ac9338744f61a02 -> 
  custom:container-demuxer-ogg: 62fdf1f143b41e24485cea50d1cbac27 -> 
  custom:video-encoder-webm-vp8: eb34c28f22e8b96e1ab97ce403110664 -> 
  custom:video-decoder-webm-vp8: 9c59270c3fd7afecdb556c50c9e8de78 -> 
  custom:audio-decoder-ogg-vorbis: bf7c407c2cedff20999df2af8eb42d56 -> 
  custom:audio-encoder-webm-vorbis: bf7c407c2cedff20999df2af8eb42d56 -> 
========================================================================
Received Prepare
Registering precompiled user dll's ...
Registered in 0.012398 seconds.
Begin MonoManager ReloadAssembly
Native extension for WindowsStandalone target not found
Refreshing native plugins compatible for Editor in 0.35 ms, found 2 plugins.
Preloading 0 native plugins for Editor in 0.00 ms.
Mono: successfully reloaded assembly
- Completed reload, in  2.037 seconds
Platform modules already initialized, skipping
Refreshing native plugins compatible for Editor in 0.34 ms, found 2 plugins.
Preloading 0 native plugins for Editor in 0.00 ms.
Unloading 1528 Unused Serialized files (Serialized files now loaded: 0)
System memory in use before: 76.4 MB.
System memory in use after: 76.5 MB.

Unloading 16 unused Assets to reduce memory usage. Loaded Objects now: 2029.
Total: 2.398600 ms (FindLiveObjects: 0.169100 ms CreateObjectMapping: 0.056900 ms MarkObjects: 2.099100 ms  DeleteObjects: 0.072300 ms)

AssetImportParameters requested are different than current active one (requested -> active):
  custom:framework-win-MediaFoundation: 216162199b28c13a410421893ffa2e32 -> 
  custom:video-decoder-ogg-theora: a1e56fd34408186e4bbccfd4996cb3dc -> 
  custom:container-muxer-webm: aa71ff27fc2769a1b78a27578f13a17b -> 
  custom:container-demuxer-webm: 4f35f7cbe854078d1ac9338744f61a02 -> 
  custom:container-demuxer-ogg: 62fdf1f143b41e24485cea50d1cbac27 -> 
  custom:video-encoder-webm-vp8: eb34c28f22e8b96e1ab97ce403110664 -> 
  custom:video-decoder-webm-vp8: 9c59270c3fd7afecdb556c50c9e8de78 -> 
  custom:audio-decoder-ogg-vorbis: bf7c407c2cedff20999df2af8eb42d56 -> 
  custom:audio-encoder-webm-vorbis: bf7c407c2cedff20999df2af8eb42d56 -> 
========================================================================
Received Prepare
Registering precompiled user dll's ...
Registered in 0.011360 seconds.
Begin MonoManager ReloadAssembly
Native extension for WindowsStandalone target not found
Refreshing native plugins compatible for Editor in 0.38 ms, found 2 plugins.
Preloading 0 native plugins for Editor in 0.00 ms.
Mono: successfully reloaded assembly
- Completed reload, in  1.737 seconds
Platform modules already initialized, skipping
Refreshing native plugins compatible for Editor in 0.34 ms, found 2 plugins.
Preloading 0 native plugins for Editor in 0.00 ms.
Unloading 1528 Unused Serialized files (Serialized files now loaded: 0)
System memory in use before: 76.4 MB.
System memory in use after: 76.5 MB.

Unloading 16 unused Assets to reduce memory usage. Loaded Objects now: 2032.
Total: 3.628200 ms (FindLiveObjects: 0.173600 ms CreateObjectMapping: 0.069000 ms MarkObjects: 3.309200 ms  DeleteObjects: 0.074900 ms)

AssetImportParameters requested are different than current active one (requested -> active):
  custom:framework-win-MediaFoundation: 216162199b28c13a410421893ffa2e32 -> 
  custom:video-decoder-ogg-theora: a1e56fd34408186e4bbccfd4996cb3dc -> 
  custom:container-muxer-webm: aa71ff27fc2769a1b78a27578f13a17b -> 
  custom:container-demuxer-webm: 4f35f7cbe854078d1ac9338744f61a02 -> 
  custom:container-demuxer-ogg: 62fdf1f143b41e24485cea50d1cbac27 -> 
  custom:video-encoder-webm-vp8: eb34c28f22e8b96e1ab97ce403110664 -> 
  custom:video-decoder-webm-vp8: 9c59270c3fd7afecdb556c50c9e8de78 -> 
  custom:audio-decoder-ogg-vorbis: bf7c407c2cedff20999df2af8eb42d56 -> 
  custom:audio-encoder-webm-vorbis: bf7c407c2cedff20999df2af8eb42d56 -> 
========================================================================
Received Prepare
Registering precompiled user dll's ...
Registered in 0.007551 seconds.
Begin MonoManager ReloadAssembly
Native extension for WindowsStandalone target not found
Refreshing native plugins compatible for Editor in 0.37 ms, found 2 plugins.
Preloading 0 native plugins for Editor in 0.00 ms.
Mono: successfully reloaded assembly
- Completed reload, in  1.704 seconds
Platform modules already initialized, skipping
Refreshing native plugins compatible for Editor in 0.44 ms, found 2 plugins.
Preloading 0 native plugins for Editor in 0.00 ms.
Unloading 1528 Unused Serialized files (Serialized files now loaded: 0)
System memory in use before: 76.5 MB.
System memory in use after: 76.5 MB.

Unloading 16 unused Assets to reduce memory usage. Loaded Objects now: 2035.
Total: 2.971100 ms (FindLiveObjects: 0.188300 ms CreateObjectMapping: 0.077500 ms MarkObjects: 2.622300 ms  DeleteObjects: 0.081600 ms)

AssetImportParameters requested are different than current active one (requested -> active):
  custom:framework-win-MediaFoundation: 216162199b28c13a410421893ffa2e32 -> 
  custom:video-decoder-ogg-theora: a1e56fd34408186e4bbccfd4996cb3dc -> 
  custom:container-muxer-webm: aa71ff27fc2769a1b78a27578f13a17b -> 
  custom:container-demuxer-webm: 4f35f7cbe854078d1ac9338744f61a02 -> 
  custom:container-demuxer-ogg: 62fdf1f143b41e24485cea50d1cbac27 -> 
  custom:video-encoder-webm-vp8: eb34c28f22e8b96e1ab97ce403110664 -> 
  custom:video-decoder-webm-vp8: 9c59270c3fd7afecdb556c50c9e8de78 -> 
  custom:audio-decoder-ogg-vorbis: bf7c407c2cedff20999df2af8eb42d56 -> 
  custom:audio-encoder-webm-vorbis: bf7c407c2cedff20999df2af8eb42d56 -> 
========================================================================
Received Prepare
Registering precompiled user dll's ...
Registered in 0.011016 seconds.
Begin MonoManager ReloadAssembly
Native extension for WindowsStandalone target not found
Refreshing native plugins compatible for Editor in 0.46 ms, found 2 plugins.
Preloading 0 native plugins for Editor in 0.00 ms.
Mono: successfully reloaded assembly
- Completed reload, in  1.861 seconds
Platform modules already initialized, skipping
Refreshing native plugins compatible for Editor in 0.56 ms, found 2 plugins.
Preloading 0 native plugins for Editor in 0.00 ms.
Unloading 1528 Unused Serialized files (Serialized files now loaded: 0)
System memory in use before: 76.5 MB.
System memory in use after: 76.5 MB.

Unloading 16 unused Assets to reduce memory usage. Loaded Objects now: 2038.
Total: 2.319400 ms (FindLiveObjects: 0.222800 ms CreateObjectMapping: 0.098500 ms MarkObjects: 1.935600 ms  DeleteObjects: 0.061200 ms)

AssetImportParameters requested are different than current active one (requested -> active):
  custom:framework-win-MediaFoundation: 216162199b28c13a410421893ffa2e32 -> 
  custom:video-decoder-ogg-theora: a1e56fd34408186e4bbccfd4996cb3dc -> 
  custom:container-muxer-webm: aa71ff27fc2769a1b78a27578f13a17b -> 
  custom:container-demuxer-webm: 4f35f7cbe854078d1ac9338744f61a02 -> 
  custom:container-demuxer-ogg: 62fdf1f143b41e24485cea50d1cbac27 -> 
  custom:video-encoder-webm-vp8: eb34c28f22e8b96e1ab97ce403110664 -> 
  custom:video-decoder-webm-vp8: 9c59270c3fd7afecdb556c50c9e8de78 -> 
  custom:audio-decoder-ogg-vorbis: bf7c407c2cedff20999df2af8eb42d56 -> 
  custom:audio-encoder-webm-vorbis: bf7c407c2cedff20999df2af8eb42d56 -> 
========================================================================
Received Prepare
Registering precompiled user dll's ...
Registered in 0.017848 seconds.
Begin MonoManager ReloadAssembly
Native extension for WindowsStandalone target not found
Refreshing native plugins compatible for Editor in 0.66 ms, found 2 plugins.
Preloading 0 native plugins for Editor in 0.00 ms.
Mono: successfully reloaded assembly
- Completed reload, in  1.880 seconds
Platform modules already initialized, skipping
Refreshing native plugins compatible for Editor in 0.57 ms, found 2 plugins.
Preloading 0 native plugins for Editor in 0.00 ms.
Unloading 1528 Unused Serialized files (Serialized files now loaded: 0)
System memory in use before: 76.5 MB.
System memory in use after: 76.5 MB.

Unloading 16 unused Assets to reduce memory usage. Loaded Objects now: 2041.
Total: 4.790500 ms (FindLiveObjects: 0.162500 ms CreateObjectMapping: 0.055100 ms MarkObjects: 4.427200 ms  DeleteObjects: 0.143700 ms)

AssetImportParameters requested are different than current active one (requested -> active):
  custom:framework-win-MediaFoundation: 216162199b28c13a410421893ffa2e32 -> 
  custom:video-decoder-ogg-theora: a1e56fd34408186e4bbccfd4996cb3dc -> 
  custom:container-muxer-webm: aa71ff27fc2769a1b78a27578f13a17b -> 
  custom:container-demuxer-webm: 4f35f7cbe854078d1ac9338744f61a02 -> 
  custom:container-demuxer-ogg: 62fdf1f143b41e24485cea50d1cbac27 -> 
  custom:video-encoder-webm-vp8: eb34c28f22e8b96e1ab97ce403110664 -> 
  custom:video-decoder-webm-vp8: 9c59270c3fd7afecdb556c50c9e8de78 -> 
  custom:audio-decoder-ogg-vorbis: bf7c407c2cedff20999df2af8eb42d56 -> 
  custom:audio-encoder-webm-vorbis: bf7c407c2cedff20999df2af8eb42d56 -> 
========================================================================
Received Import Request.
  Time since last request: 1788.924254 seconds.
  path: Assets/Military Vehicles/Models
  artifactKey: Guid(5866276effdc3884faea05a294b133e3) Importer(815301076,1909f56bfc062723c751e8b465ee728b)
Start importing Assets/Military Vehicles/Models using Guid(5866276effdc3884faea05a294b133e3) Importer(815301076,1909f56bfc062723c751e8b465ee728b)  -> (artifact id: 'd5e431428616fc558fcb9a9c3b8e5f50') in 0.016084 seconds 
  Import took 0.021990 seconds .

AssetImportWorkerClient::OnTransportError - code=2 error=End of file
